<?xml version="1.0" encoding="UTF-8"?>
<!-- Generated by org.testng.reporters.JUnitXMLReporter -->
<testsuite ignored="0" hostname="Praveen" failures="0" tests="5" name="Default test" time="0.064" errors="0" timestamp="2025-12-11T10:04:01 IST">
  <testcase classname="com.testng.day1.Priority" name="login" time="0.01"/>
  <testcase classname="com.testng.day1.Priority" name="SearchProduct" time="0.001"/>
  <testcase classname="com.testng.day1.Priority" name="cart" time="0.001"/>
  <testcase classname="com.testng.day1.Priority" name="buy" time="0.002"/>
  <testcase classname="com.testng.day1.Priority" name="Logoff" time="0.001"/>
</testsuite> <!-- Default test -->
