<?xml version="1.0" encoding="UTF-8"?>
<!-- Generated by org.testng.reporters.JUnitXMLReporter -->
<testsuite ignored="0" hostname="Praveen" failures="0" tests="8" name="Test" time="19.093" errors="0" timestamp="2025-12-11T10:08:53 IST">
  <testcase classname="com.testng.day1.Priority" name="login" time="0.011"/>
  <testcase classname="com.testng.day1.Priority" name="SearchProduct" time="0.002"/>
  <testcase classname="com.testng.day1.Priority" name="cart" time="0.001"/>
  <testcase classname="com.testng.day1.Priority" name="buy" time="0.004"/>
  <testcase classname="com.testng.day1.Priority" name="Logoff" time="0.002"/>
  <testcase classname="com.testng.day1.DependsOnMethod" name="Login" time="12.448"/>
  <testcase classname="com.testng.day1.DependsOnMethod" name="SimpleAlert" time="0.502"/>
  <testcase classname="com.testng.AlertsTest" name="main" time="19.054"/>
</testsuite> <!-- Test -->
