<?xml version="1.0" encoding="UTF-8"?>
<testng-results ignored="0" total="2" passed="2" failed="0" skipped="0">
  <reporter-output>
  </reporter-output>
  <suite started-at="2025-12-06T08:43:41 IST" name="Default suite" finished-at="2025-12-06T08:43:58 IST" duration-ms="17213">
    <groups>
    </groups>
    <test started-at="2025-12-06T08:43:41 IST" name="Default test" finished-at="2025-12-06T08:43:58 IST" duration-ms="17213">
      <class name="com.testng.LoginTest">
        <test-method signature="Login(java.lang.String,java.lang.String)[pri:0, instance:com.testng.LoginTest@73a1e9a9]" started-at="2025-12-06T08:43:41 IST" name="Login" data-provider="Login" finished-at="2025-12-06T08:43:51 IST" duration-ms="9637" status="PASS">
          <params>
            <param index="0">
              <value>
                <![CDATA[admin]]>
              </value>
            </param>
            <param index="1">
              <value>
                <![CDATA[pass123]]>
              </value>
            </param>
          </params>
          <reporter-output>
          </reporter-output>
        </test-method> <!-- Login -->
        <test-method signature="Login(java.lang.String,java.lang.String)[pri:0, instance:com.testng.LoginTest@73a1e9a9]" started-at="2025-12-06T08:43:51 IST" name="Login" data-provider="Login" finished-at="2025-12-06T08:43:58 IST" duration-ms="7506" status="PASS">
          <params>
            <param index="0">
              <value>
                <![CDATA[testuser]]>
              </value>
            </param>
            <param index="1">
              <value>
                <![CDATA[pass123]]>
              </value>
            </param>
          </params>
          <reporter-output>
          </reporter-output>
        </test-method> <!-- Login -->
      </class> <!-- com.testng.LoginTest -->
    </test> <!-- Default test -->
  </suite> <!-- Default suite -->
</testng-results>
