<?xml version="1.0" encoding="UTF-8"?>
<testng-results ignored="0" total="2" passed="2" failed="0" skipped="0">
  <reporter-output>
  </reporter-output>
  <suite started-at="2025-12-05T11:01:43 IST" name="Suite" finished-at="2025-12-05T11:02:07 IST" duration-ms="24094">
    <groups>
    </groups>
    <test started-at="2025-12-05T11:01:43 IST" name="Master" finished-at="2025-12-05T11:02:07 IST" duration-ms="24094">
      <class name="com.testng.LoginTest">
        <test-method signature="Login(java.lang.String,java.lang.String)[pri:0, instance:com.testng.LoginTest@a1153bc]" started-at="2025-12-05T11:02:00 IST" name="Login" finished-at="2025-12-05T11:02:07 IST" duration-ms="7137" status="PASS">
          <params>
            <param index="0">
              <value>
                <![CDATA[testuser]]>
              </value>
            </param>
            <param index="1">
              <value>
                <![CDATA[pass123]]>
              </value>
            </param>
          </params>
          <reporter-output>
          </reporter-output>
        </test-method> <!-- Login -->
      </class> <!-- com.testng.LoginTest -->
      <class name="com.testng.AlertsTest">
        <test-method signature="main()[pri:0, instance:com.testng.AlertsTest@7cc0cdad]" started-at="2025-12-05T11:01:43 IST" name="main" finished-at="2025-12-05T11:02:00 IST" duration-ms="16908" status="PASS">
          <reporter-output>
          </reporter-output>
        </test-method> <!-- main -->
      </class> <!-- com.testng.AlertsTest -->
    </test> <!-- Master -->
  </suite> <!-- Suite -->
</testng-results>
