<?xml version="1.0" encoding="UTF-8"?>
<!-- Generated by org.testng.reporters.JUnitReportReporter -->
<testsuite hostname="Praveen" failures="0" tests="5" name="com.testng.day1.Priority" time="0.020" errors="0" timestamp="2025-12-11T10:08:53 IST" skipped="0">
  <testcase classname="com.testng.day1.Priority" name="login" time="0.011"/>
  <testcase classname="com.testng.day1.Priority" name="SearchProduct" time="0.002"/>
  <testcase classname="com.testng.day1.Priority" name="cart" time="0.001"/>
  <testcase classname="com.testng.day1.Priority" name="buy" time="0.004"/>
  <testcase classname="com.testng.day1.Priority" name="Logoff" time="0.002"/>
</testsuite> <!-- com.testng.day1.Priority -->
